TN:
SF:./src/client/app/app.module.js
FN:1,(anonymous_1)
FN:10,(anonymous_2)
FNF:2
FNH:1
FNDA:1,(anonymous_1)
FNDA:0,(anonymous_2)
DA:1,1
DA:4,1
DA:10,1
LF:3
LH:3
BRF:0
BRH:0
end_of_record
TN:
SF:./src/client/app/com/com.module.js
FN:1,(anonymous_1)
FNF:1
FNH:1
FNDA:1,(anonymous_1)
DA:1,1
DA:4,1
LF:2
LH:2
BRF:0
BRH:0
end_of_record
TN:
SF:./src/client/app/com/swSideBar/swSideBar.module.js
FN:1,(anonymous_1)
FNF:1
FNH:1
FNDA:1,(anonymous_1)
DA:1,1
DA:4,1
LF:2
LH:2
BRF:0
BRH:0
end_of_record
TN:
SF:./src/client/app/com/swTopMenu/swTopMenu.module.js
FN:1,(anonymous_1)
FNF:1
FNH:1
FNDA:1,(anonymous_1)
DA:1,1
DA:4,1
LF:2
LH:2
BRF:0
BRH:0
end_of_record
TN:
SF:./src/client/app/core/core.module.js
FN:1,(anonymous_1)
FNF:1
FNH:1
FNDA:1,(anonymous_1)
DA:1,1
DA:4,1
LF:2
LH:2
BRF:0
BRH:0
end_of_record
TN:
SF:./src/client/app/main/main.module.js
FN:1,(anonymous_1)
FNF:1
FNH:1
FNDA:1,(anonymous_1)
DA:1,1
DA:4,1
LF:2
LH:2
BRF:0
BRH:0
end_of_record
TN:
SF:./src/client/app/main/swEditor/swEditor.module.js
FN:1,(anonymous_1)
FNF:1
FNH:1
FNDA:1,(anonymous_1)
DA:1,1
DA:4,1
LF:2
LH:2
BRF:0
BRH:0
end_of_record
TN:
SF:./src/client/app/main/swPath/swPath.module.js
FN:1,(anonymous_1)
FNF:1
FNH:1
FNDA:1,(anonymous_1)
DA:1,1
DA:4,1
LF:2
LH:2
BRF:0
BRH:0
end_of_record
TN:
SF:./src/client/app/com/swSideBar/swSideBar.controller.js
FN:1,(anonymous_1)
FN:9,SwSideBarController
FN:32,goTo
FN:38,activate
FNF:4
FNH:1
FNDA:1,(anonymous_1)
FNDA:0,SwSideBarController
FNDA:0,goTo
FNDA:0,activate
DA:1,1
DA:4,1
DA:9,1
DA:10,0
DA:11,0
DA:14,0
DA:26,0
DA:28,0
DA:32,1
DA:33,0
DA:35,0
DA:38,1
LF:12
LH:5
BRF:0
BRH:0
end_of_record
TN:
SF:./src/client/app/com/swSideBar/swSideBar.directive.js
FN:1,(anonymous_1)
FN:10,swSideBar
FN:26,link
FNF:3
FNH:1
FNDA:1,(anonymous_1)
FNDA:0,swSideBar
FNDA:0,link
DA:1,1
DA:4,1
DA:10,1
DA:15,0
DA:24,0
DA:26,1
LF:6
LH:4
BRF:0
BRH:0
end_of_record
TN:
SF:./src/client/app/com/swTopMenu/swTopMenu.controller.js
FN:1,(anonymous_1)
FN:9,TopMenuController
FN:18,activate
FNF:3
FNH:1
FNDA:1,(anonymous_1)
FNDA:0,TopMenuController
FNDA:0,activate
DA:1,1
DA:4,1
DA:9,1
DA:10,0
DA:11,0
DA:14,0
DA:18,1
LF:7
LH:4
BRF:0
BRH:0
end_of_record
TN:
SF:./src/client/app/com/swTopMenu/swTopMenu.directive.js
FN:1,(anonymous_1)
FN:10,swTopMenu
FN:26,link
FNF:3
FNH:1
FNDA:1,(anonymous_1)
FNDA:0,swTopMenu
FNDA:0,link
DA:1,1
DA:4,1
DA:10,1
DA:15,0
DA:24,0
DA:26,1
LF:6
LH:4
BRF:0
BRH:0
end_of_record
TN:
SF:./src/client/app/core/config.js
FN:1,(anonymous_1)
FN:10,routeConfig
FNF:2
FNH:1
FNDA:1,(anonymous_1)
FNDA:0,routeConfig
DA:1,1
DA:4,1
DA:6,1
DA:10,1
DA:12,0
LF:5
LH:4
BRF:0
BRH:0
end_of_record
TN:
SF:./src/client/app/core/constants.js
FN:2,(anonymous_1)
FNF:1
FNH:1
FNDA:1,(anonymous_1)
DA:2,1
DA:5,1
LF:2
LH:2
BRF:0
BRH:0
end_of_record
TN:
SF:./src/client/app/main/swEditor/swEditor.controller.js
FN:1,(anonymous_1)
FN:9,SwEditorController
FN:18,activate
FNF:3
FNH:1
FNDA:1,(anonymous_1)
FNDA:0,SwEditorController
FNDA:0,activate
DA:1,1
DA:4,1
DA:9,1
DA:10,0
DA:11,0
DA:14,0
DA:18,1
LF:7
LH:4
BRF:0
BRH:0
end_of_record
TN:
SF:./src/client/app/main/swEditor/swEditor.directive.js
FN:1,(anonymous_1)
FN:10,swEditor
FN:26,link
FNF:3
FNH:1
FNDA:1,(anonymous_1)
FNDA:0,swEditor
FNDA:0,link
DA:1,1
DA:4,1
DA:10,1
DA:15,0
DA:24,0
DA:26,1
LF:6
LH:4
BRF:0
BRH:0
end_of_record
TN:
SF:./src/client/app/main/swEditor/swEditor.route.js
FNF:0
FNH:0
LF:0
LH:0
BRF:0
BRH:0
end_of_record
TN:
SF:./src/client/app/main/swPath/swPath.controller.js
FN:1,(anonymous_1)
FN:9,SwPathController
FN:18,activate
FNF:3
FNH:1
FNDA:1,(anonymous_1)
FNDA:0,SwPathController
FNDA:0,activate
DA:1,1
DA:4,1
DA:9,1
DA:10,0
DA:11,0
DA:14,0
DA:18,1
LF:7
LH:4
BRF:0
BRH:0
end_of_record
TN:
SF:./src/client/app/main/swPath/swPath.directive.js
FN:1,(anonymous_1)
FN:10,swPath
FN:26,link
FNF:3
FNH:1
FNDA:1,(anonymous_1)
FNDA:0,swPath
FNDA:0,link
DA:1,1
DA:4,1
DA:10,1
DA:15,0
DA:24,0
DA:26,1
LF:6
LH:4
BRF:0
BRH:0
end_of_record
TN:
SF:./src/client/app/main/swPath/swPath.route.js
FN:1,(anonymous_1)
FN:10,route
FNF:2
FNH:1
FNDA:1,(anonymous_1)
FNDA:0,route
DA:1,1
DA:4,1
DA:10,1
DA:12,0
LF:4
LH:3
BRF:0
BRH:0
end_of_record
